<?xml version="1.0" encoding="UTF-8"?>
<!-- Generated by org.testng.reporters.JUnitXMLReporter -->
<testsuite hostname="ssce-PC" name="Default test" tests="3" failures="0" timestamp="30 Jul 2016 23:58:17 GMT" time="0.145" errors="0">
  <testcase name="Login" time="0.062" classname="testNGsamples.EnablenddisableMethod"/>
  <testcase name="FundTransfer" time="0.004" classname="testNGsamples.EnablenddisableMethod"/>
  <testcase name="Logout" time="0.003" classname="testNGsamples.EnablenddisableMethod"/>
</testsuite> <!-- Default test -->
