<?xml version="1.0" encoding="UTF-8"?>
<testng-results skipped="0" failed="0" total="3" passed="3">
  <reporter-output>
  </reporter-output>
  <suite name="Default suite" duration-ms="145" started-at="2016-07-30T23:58:17Z" finished-at="2016-07-30T23:58:17Z">
    <groups>
    </groups>
    <test name="Default test" duration-ms="145" started-at="2016-07-30T23:58:17Z" finished-at="2016-07-30T23:58:17Z">
      <class name="testNGsamples.EnablenddisableMethod">
        <test-method status="PASS" signature="Login()[pri:0, instance:testNGsamples.EnablenddisableMethod@1d057a39]" name="Login" duration-ms="62" started-at="2016-07-30T18:58:17Z" finished-at="2016-07-30T18:58:17Z">
          <reporter-output>
          </reporter-output>
        </test-method> <!-- Login -->
        <test-method status="PASS" signature="FundTransfer()[pri:0, instance:testNGsamples.EnablenddisableMethod@1d057a39]" name="FundTransfer" duration-ms="4" started-at="2016-07-30T18:58:17Z" finished-at="2016-07-30T18:58:17Z">
          <reporter-output>
          </reporter-output>
        </test-method> <!-- FundTransfer -->
        <test-method status="PASS" signature="Logout()[pri:0, instance:testNGsamples.EnablenddisableMethod@1d057a39]" name="Logout" duration-ms="3" started-at="2016-07-30T18:58:17Z" finished-at="2016-07-30T18:58:17Z">
          <reporter-output>
          </reporter-output>
        </test-method> <!-- Logout -->
      </class> <!-- testNGsamples.EnablenddisableMethod -->
    </test> <!-- Default test -->
  </suite> <!-- Default suite -->
</testng-results>
